<?xml version="1.0" encoding="UTF-8"?>
<testsuite errors="0" failures="0" name="tapHandle_Tests-20150131014146" tests="6" time="96.257">
	<properties/>
	<system-out>
<![CDATA[nothing to close
]]>	</system-out>
	<system-err>
<![CDATA[]]>	</system-err>
	<testcase classname="tapHandle_Tests" name="test_checkOut_Chrome" time="11.221"/>
	<testcase classname="tapHandle_Tests" name="test_checkOut_Firefox" time="15.669"/>
	<testcase classname="tapHandle_Tests" name="test_privateMessage_Chrome" time="21.049"/>
	<testcase classname="tapHandle_Tests" name="test_privateMessage_Firefox" time="22.667"/>
	<testcase classname="tapHandle_Tests" name="test_publicComment_Chrome" time="11.475"/>
	<testcase classname="tapHandle_Tests" name="test_publicComment_Firefox" time="14.176"/>
</testsuite>
