<?xml version="1.0" encoding="UTF-8"?>
<testsuite errors="0" failures="0" name="tapHandle_Tests-20150131012320" tests="1" time="9.226">
	<properties/>
	<system-out>
<![CDATA[]]>	</system-out>
	<system-err>
<![CDATA[]]>	</system-err>
	<testcase classname="tapHandle_Tests" name="test_privateMessage_Chrome" time="9.226"/>
</testsuite>
