<?xml version="1.0" encoding="UTF-8"?>
<testsuite errors="0" failures="0" name="tapHandle_Tests-20150131013708" tests="3" time="56.967">
	<properties/>
	<system-out>
<![CDATA[]]>	</system-out>
	<system-err>
<![CDATA[]]>	</system-err>
	<testcase classname="tapHandle_Tests" name="test_privateMessage_Chrome" time="17.555"/>
	<testcase classname="tapHandle_Tests" name="test_privateMessage_Firefox" time="21.971"/>
	<testcase classname="tapHandle_Tests" name="test_publicComment_Chrome" time="17.441"/>
</testsuite>
