<?xml version="1.0" encoding="UTF-8"?>
<testsuite errors="0" failures="0" name="tapHandle_Tests-20150131013343" tests="3" time="39.365">
	<properties/>
	<system-out>
<![CDATA[]]>	</system-out>
	<system-err>
<![CDATA[]]>	</system-err>
	<testcase classname="tapHandle_Tests" name="test_privateMessage_Chrome" time="10.849"/>
	<testcase classname="tapHandle_Tests" name="test_privateMessage_Firefox" time="21.359"/>
	<testcase classname="tapHandle_Tests" name="test_publicComment_Chrome" time="7.157"/>
</testsuite>
